<?xml version="1.0" encoding="UTF-8"?>
<coverage generated="1726954634271" clover="3.2.0">
  <project timestamp="1726954634271" name="All files">
    <metrics statements="14" coveredstatements="13" conditionals="10" coveredconditionals="5" methods="2" coveredmethods="1" elements="26" coveredelements="19" complexity="0" loc="14" ncloc="14" packages="3" files="3" classes="3"/>
    <package name="src">
      <metrics statements="3" coveredstatements="3" conditionals="10" coveredconditionals="5" methods="0" coveredmethods="0"/>
      <file name="env.ts" path="C:\Users\breno\Desktop\Fiap\POSTECH\FASE-2\TECH_CHALLENGE\ensino\BlogEnsino\src\env.ts">
        <metrics statements="3" coveredstatements="3" conditionals="10" coveredconditionals="5" methods="0" coveredmethods="0"/>
        <line num="1" count="1" type="stmt"/>
        <line num="3" count="1" type="stmt"/>
        <line num="5" count="1" type="stmt"/>
      </file>
    </package>
    <package name="src.config">
      <metrics statements="5" coveredstatements="5" conditionals="0" coveredconditionals="0" methods="0" coveredmethods="0"/>
      <file name="database.ts" path="C:\Users\breno\Desktop\Fiap\POSTECH\FASE-2\TECH_CHALLENGE\ensino\BlogEnsino\src\config\database.ts">
        <metrics statements="5" coveredstatements="5" conditionals="0" coveredconditionals="0" methods="0" coveredmethods="0"/>
        <line num="1" count="1" type="stmt"/>
        <line num="2" count="1" type="stmt"/>
        <line num="4" count="1" type="stmt"/>
        <line num="12" count="1" type="stmt"/>
        <line num="18" count="1" type="stmt"/>
      </file>
    </package>
    <package name="src.models">
      <metrics statements="6" coveredstatements="5" conditionals="0" coveredconditionals="0" methods="2" coveredmethods="1"/>
      <file name="User.ts" path="C:\Users\breno\Desktop\Fiap\POSTECH\FASE-2\TECH_CHALLENGE\ensino\BlogEnsino\src\models\User.ts">
        <metrics statements="6" coveredstatements="5" conditionals="0" coveredconditionals="0" methods="2" coveredmethods="1"/>
        <line num="1" count="1" type="stmt"/>
        <line num="2" count="1" type="stmt"/>
        <line num="14" count="1" type="stmt"/>
        <line num="20" count="1" type="stmt"/>
        <line num="57" count="0" type="stmt"/>
        <line num="61" count="1" type="stmt"/>
      </file>
    </package>
  </project>
</coverage>
