{"C:\\Users\\breno\\Desktop\\Fiap\\POSTECH\\FASE-2\\TECH_CHALLENGE\\ensino\\BlogEnsino\\src\\env.ts": {"path":"C:\\Users\\breno\\Desktop\\Fiap\\POSTECH\\FASE-2\\TECH_CHALLENGE\\ensino\\BlogEnsino\\src\\env.ts","statementMap":{"0":{"start":{"line":1,"column":0},"end":{"line":1,"column":28}},"1":{"start":{"line":3,"column":0},"end":{"line":3,"column":16}},"2":{"start":{"line":5,"column":13},"end":{"line":11,"column":2}}},"fnMap":{},"branchMap":{"0":{"loc":{"start":{"line":6,"column":17},"end":{"line":6,"column":48}},"type":"binary-expr","locations":[{"start":{"line":6,"column":17},"end":{"line":6,"column":42}},{"start":{"line":6,"column":46},"end":{"line":6,"column":48}}]},"1":{"loc":{"start":{"line":7,"column":21},"end":{"line":7,"column":56}},"type":"binary-expr","locations":[{"start":{"line":7,"column":21},"end":{"line":7,"column":50}},{"start":{"line":7,"column":54},"end":{"line":7,"column":56}}]},"2":{"loc":{"start":{"line":8,"column":17},"end":{"line":8,"column":48}},"type":"binary-expr","locations":[{"start":{"line":8,"column":17},"end":{"line":8,"column":42}},{"start":{"line":8,"column":46},"end":{"line":8,"column":48}}]},"3":{"loc":{"start":{"line":9,"column":17},"end":{"line":9,"column":48}},"type":"binary-expr","locations":[{"start":{"line":9,"column":17},"end":{"line":9,"column":42}},{"start":{"line":9,"column":46},"end":{"line":9,"column":48}}]},"4":{"loc":{"start":{"line":10,"column":17},"end":{"line":10,"column":52}},"type":"binary-expr","locations":[{"start":{"line":10,"column":17},"end":{"line":10,"column":42}},{"start":{"line":10,"column":46},"end":{"line":10,"column":52}}]}},"s":{"0":1,"1":1,"2":1},"f":{},"b":{"0":[1,0],"1":[1,0],"2":[1,0],"3":[1,0],"4":[1,0]}}
,"C:\\Users\\breno\\Desktop\\Fiap\\POSTECH\\FASE-2\\TECH_CHALLENGE\\ensino\\BlogEnsino\\src\\config\\database.ts": {"path":"C:\\Users\\breno\\Desktop\\Fiap\\POSTECH\\FASE-2\\TECH_CHALLENGE\\ensino\\BlogEnsino\\src\\config\\database.ts","statementMap":{"0":{"start":{"line":1,"column":0},"end":{"line":1,"column":38}},"1":{"start":{"line":2,"column":0},"end":{"line":2,"column":29}},"2":{"start":{"line":4,"column":0},"end":{"line":10,"column":3}},"3":{"start":{"line":12,"column":18},"end":{"line":16,"column":2}},"4":{"start":{"line":18,"column":0},"end":{"line":18,"column":25}}},"fnMap":{},"branchMap":{},"s":{"0":1,"1":1,"2":1,"3":1,"4":1},"f":{},"b":{}}
,"C:\\Users\\breno\\Desktop\\Fiap\\POSTECH\\FASE-2\\TECH_CHALLENGE\\ensino\\BlogEnsino\\src\\models\\User.ts": {"path":"C:\\Users\\breno\\Desktop\\Fiap\\POSTECH\\FASE-2\\TECH_CHALLENGE\\ensino\\BlogEnsino\\src\\models\\User.ts","statementMap":{"0":{"start":{"line":1,"column":0},"end":{"line":1,"column":73}},"1":{"start":{"line":2,"column":0},"end":{"line":2,"column":43}},"2":{"start":{"line":20,"column":8},"end":{"line":53,"column":10}},"3":{"start":{"line":57,"column":8},"end":{"line":57,"column":74}},"4":{"start":{"line":14,"column":0},"end":{"line":14,"column":13}},"5":{"start":{"line":61,"column":0},"end":{"line":61,"column":17}}},"fnMap":{"0":{"name":"(anonymous_1)","decl":{"start":{"line":19,"column":4},"end":{"line":19,"column":10}},"loc":{"start":{"line":19,"column":20},"end":{"line":54,"column":5}}},"1":{"name":"(anonymous_2)","decl":{"start":{"line":56,"column":4},"end":{"line":56,"column":10}},"loc":{"start":{"line":56,"column":32},"end":{"line":58,"column":5}}}},"branchMap":{},"s":{"0":1,"1":1,"2":1,"3":0,"4":1,"5":1},"f":{"0":1,"1":0},"b":{}}
}
