TN:
SF:src\env.ts
FNF:0
FNH:0
DA:1,1
DA:3,1
DA:5,1
LF:3
LH:3
BRDA:6,0,0,1
BRDA:6,0,1,0
BRDA:7,1,0,1
BRDA:7,1,1,0
BRDA:8,2,0,1
BRDA:8,2,1,0
BRDA:9,3,0,1
BRDA:9,3,1,0
BRDA:10,4,0,1
BRDA:10,4,1,0
BRF:10
BRH:5
end_of_record
TN:
SF:src\config\database.ts
FNF:0
FNH:0
DA:1,1
DA:2,1
DA:4,1
DA:12,1
DA:18,1
LF:5
LH:5
BRF:0
BRH:0
end_of_record
TN:
SF:src\models\User.ts
FN:19,(anonymous_1)
FN:56,(anonymous_2)
FNF:2
FNH:1
FNDA:1,(anonymous_1)
FNDA:0,(anonymous_2)
DA:1,1
DA:2,1
DA:14,1
DA:20,1
DA:57,0
DA:61,1
LF:6
LH:5
BRF:0
BRH:0
end_of_record
